<?xml version="1.0" encoding="UTF-8"?>
<!-- Generated by org.testng.reporters.JUnitReportReporter -->
<testsuite skipped="0" hostname="Madesh" name="test.AddCustomerTest" tests="1" failures="0" timestamp="23 Nov 2022 03:12:48 GMT" time="16.234" errors="0">
  <testcase name="validUserShouldBeAbleToAddCustomer" time="16.234" classname="test.AddCustomerTest"/>
</testsuite> <!-- test.AddCustomerTest -->
