<?xml version="1.0" encoding="UTF-8"?>
<!-- Generated by org.testng.reporters.JUnitReportReporter -->
<testsuite skipped="0" hostname="Madesh" name="test.LoginTest" tests="1" failures="0" timestamp="21 Nov 2022 00:45:17 GMT" time="5.741" errors="0">
  <testcase name="userShouldBeAbleToLogin" time="5.741" classname="test.LoginTest"/>
</testsuite> <!-- test.LoginTest -->
